<?xml version="1.0" encoding="UTF-8"?>
<!-- Generated by org.testng.reporters.JUnitReportReporter -->
<testsuite hostname="DESKTOP-NKG6J0Q" name="com.OrangeHRM.HomePageTest" tests="6" failures="0" timestamp="20 Jan 2021 10:00:33 GMT" time="46.257" errors="0">
  <testcase name="homepagevalidatioontest" time="0.054" classname="com.OrangeHRM.HomePageTest"/>
  <testcase name="adminPAgeTest" time="1.912" classname="com.OrangeHRM.HomePageTest"/>
  <testcase name="verifyemployeelistTest" time="10.677" classname="com.OrangeHRM.HomePageTest"/>
  <testcase name="recruitementPageTest" time="2.062" classname="com.OrangeHRM.HomePageTest"/>
  <testcase name="pimPageTest" time="0.863" classname="com.OrangeHRM.HomePageTest"/>
  <testcase name="verifyaddemployeetest" time="30.689" classname="com.OrangeHRM.HomePageTest"/>
</testsuite> <!-- com.OrangeHRM.HomePageTest -->
