<?xml version="1.0" encoding="UTF-8"?>
<!-- Generated by org.testng.reporters.JUnitReportReporter -->
<testsuite hostname="DESKTOP-NKG6J0Q" name="com.OrangeHRM.AddemployeePageTest" tests="6" failures="0" timestamp="20 Jan 2021 10:00:33 GMT" time="239.086" errors="0">
  <testcase name="verifyemployeepagelbeltest" time="25.807" classname="com.OrangeHRM.AddemployeePageTest"/>
  <testcase name="addemployeepagetest" time="42.578" classname="com.OrangeHRM.AddemployeePageTest"/>
  <testcase name="addemployeepagetest" time="42.678" classname="com.OrangeHRM.AddemployeePageTest"/>
  <testcase name="addemployeepagetest" time="42.757" classname="com.OrangeHRM.AddemployeePageTest"/>
  <testcase name="addemployeepagetest" time="42.708" classname="com.OrangeHRM.AddemployeePageTest"/>
  <testcase name="addemployeepagetest" time="42.558" classname="com.OrangeHRM.AddemployeePageTest"/>
</testsuite> <!-- com.OrangeHRM.AddemployeePageTest -->
