<?xml version="1.0" encoding="UTF-8"?>
<!-- Generated by org.testng.reporters.JUnitReportReporter -->
<testsuite hostname="DESKTOP-NKG6J0Q" name="com.OrangeHRM.EmployeepagelistTest" tests="2" failures="0" timestamp="20 Jan 2021 10:20:41 GMT" time="35.411" errors="0">
  <testcase name="empleelistTest" time="24.589" classname="com.OrangeHRM.EmployeepagelistTest"/>
  <testcase name="addempleelistlabletest" time="10.822" classname="com.OrangeHRM.EmployeepagelistTest"/>
</testsuite> <!-- com.OrangeHRM.EmployeepagelistTest -->
